
Started Import Process
# System Details: 
Debug Mode 		: Disabled
Operating System 	: WINNT
Software 		: Apache/2.4.58 (Win64) OpenSSL/3.1.3 PHP/8.2.12
MySQL version 		: 10.4.32
XML Reader 		: Yes
PHP Version 		: 8.2.12
PHP Max Input Vars 	: 1000
PHP Max Post Size 	: 40M
PHP Extension GD 	: No
PHP Max Execution Time 	: 120
Max Upload Size 	: 40 MB
Memory Limit 		: Current memory limit 40M. We recommend setting memory to at least 64M.
Timezone 		: Pacific/Auckland

-----

Importing Started! - 03:39:58 UTC
---

WHY IMPORT PROCESS CAN FAIL? READ THIS - 
https://wpastra.com/docs/?p=1314&utm_source=demo-import-panel&utm_campaign=import-error&utm_medium=wp-dashboard

---

Started Import Process
# System Details: 
Debug Mode 		: Disabled
Operating System 	: WINNT
Software 		: Apache/2.4.58 (Win64) OpenSSL/3.1.3 PHP/8.2.12
MySQL version 		: 10.4.32
XML Reader 		: Yes
PHP Version 		: 8.2.12
PHP Max Input Vars 	: 1000
PHP Max Post Size 	: 40M
PHP Extension GD 	: No
PHP Max Execution Time 	: 300
Max Upload Size 	: 40 MB
Memory Limit 		: Current memory limit 40M. We recommend setting memory to at least 64M.
Timezone 		: Pacific/Auckland

-----

Importing Started! - 03:53:02 UTC
---

WHY IMPORT PROCESS CAN FAIL? READ THIS - 
https://wpastra.com/docs/?p=1314&utm_source=demo-import-panel&utm_campaign=import-error&utm_medium=wp-dashboard

---

Started Import Process
# System Details: 
Debug Mode 		: Disabled
Operating System 	: WINNT
Software 		: Apache/2.4.58 (Win64) OpenSSL/3.1.3 PHP/8.2.12
MySQL version 		: 10.4.32
XML Reader 		: Yes
PHP Version 		: 8.2.12
PHP Max Input Vars 	: 1000
PHP Max Post Size 	: 40M
PHP Extension GD 	: No
PHP Max Execution Time 	: 300
Max Upload Size 	: 40 MB
Memory Limit 		: Current memory limit 40M. We recommend setting memory to at least 64M.
Timezone 		: Pacific/Auckland

-----

Importing Started! - 04:01:08 UTC
---

WHY IMPORT PROCESS CAN FAIL? READ THIS - 
https://wpastra.com/docs/?p=1314&utm_source=demo-import-panel&utm_campaign=import-error&utm_medium=wp-dashboard

---

There was an error on website: Uncaught Error
Error: Failed opening required 'C:\xampp\htdocs\Capsule/wp-content/themes/astra/inc/core/class-astra-theme-options.php' (include_path='C:\xampp\php\PEAR') in C:\xampp\htdocs\Capsule\wp-content\themes\astra\functions.php:40
Stack trace:
#0 C:\xampp\htdocs\Capsule\wp-settings.php(695): include()
#1 C:\xampp\htdocs\Capsule\wp-config.php(104): require_once('C:\\xampp\\htdocs...')
#2 C:\xampp\htdocs\Capsule\wp-load.php(50): require_once('C:\\xampp\\htdocs...')
#3 C:\xampp\htdocs\Capsule\wp-admin\admin.php(35): require_once('C:\\xampp\\htdocs...')
#4 C:\xampp\htdocs\Capsule\wp-admin\themes.php(10): require_once('C:\\xampp\\htdocs...')
#5 {main}
Started Import Process
# System Details: 
Debug Mode 		: Disabled
Operating System 	: WINNT
Software 		: Apache/2.4.58 (Win64) OpenSSL/3.1.3 PHP/8.2.12
MySQL version 		: 10.4.32
XML Reader 		: Yes
PHP Version 		: 8.2.12
PHP Max Input Vars 	: 1000
PHP Max Post Size 	: 40M
PHP Extension GD 	: No
PHP Max Execution Time 	: 120
Max Upload Size 	: 40 MB
Memory Limit 		: Current memory limit 40M. We recommend setting memory to at least 64M.
Timezone 		: Pacific/Auckland

-----

Importing Started! - 04:17:10 UTC
---

WHY IMPORT PROCESS CAN FAIL? READ THIS - 
https://wpastra.com/docs/?p=1314&utm_source=demo-import-panel&utm_campaign=import-error&utm_medium=wp-dashboard

---

Started Import Process
# System Details: 
Debug Mode 		: Disabled
Operating System 	: WINNT
Software 		: Apache/2.4.58 (Win64) OpenSSL/3.1.3 PHP/8.2.12
MySQL version 		: 10.4.32
XML Reader 		: Yes
PHP Version 		: 8.2.12
PHP Max Input Vars 	: 1000
PHP Max Post Size 	: 40M
PHP Extension GD 	: No
PHP Max Execution Time 	: 120
Max Upload Size 	: 40 MB
Memory Limit 		: Current memory limit 40M. We recommend setting memory to at least 64M.
Timezone 		: Pacific/Auckland

-----

Importing Started! - 04:17:50 UTC
---

WHY IMPORT PROCESS CAN FAIL? READ THIS - 
https://wpastra.com/docs/?p=1314&utm_source=demo-import-panel&utm_campaign=import-error&utm_medium=wp-dashboard

---

Started Import Process
# System Details: 
Debug Mode 		: Disabled
Operating System 	: WINNT
Software 		: Apache/2.4.58 (Win64) OpenSSL/3.1.3 PHP/8.2.12
MySQL version 		: 10.4.32
XML Reader 		: Yes
PHP Version 		: 8.2.12
PHP Max Input Vars 	: 1000
PHP Max Post Size 	: 40M
PHP Extension GD 	: No
PHP Max Execution Time 	: 120
Max Upload Size 	: 40 MB
Memory Limit 		: Current memory limit 40M. We recommend setting memory to at least 64M.
Timezone 		: Pacific/Auckland

-----

Importing Started! - 04:19:00 UTC
---

WHY IMPORT PROCESS CAN FAIL? READ THIS - 
https://wpastra.com/docs/?p=1314&utm_source=demo-import-panel&utm_campaign=import-error&utm_medium=wp-dashboard

---
